loadrunner 7.50279004592 ===> 1
tcl 7.50279004592 ===> 1
jboss 7.50279004592 ===> 1
matlab 7.50279004592 ===> 1
erlang 7.50279004592 ===> 1
web2.0 7.50279004592 ===> 1
flex 7.50279004592 ===> 1
db2 7.50279004592 ===> 1
websphere 7.50279004592 ===> 1
3dmax 7.50279004592 ===> 1
p2p 7.50279004592 ===> 1
git 7.50279004592 ===> 1
opengl 7.50279004592 ===> 1
emacs 7.50279004592 ===> 1
weblogic 7.50279004592 ===> 1
wap 7.50279004592 ===> 1
test engineer 7.50279004592 ===> 1
machine learning 7.50279004592 ===> 1
cobol 7.50279004592 ===> 1
gcc 7.50279004592 ===> 1
asp.net 7.50279004592 ===> 1
sharepoint 7.50279004592 ===> 1
textmate 7.50279004592 ===> 1
node.js 13.61628498 ===> 2
servlet 13.61628498 ===> 2
windows mobile 13.61628498 ===> 2
scrum 13.61628498 ===> 2
vc++ 13.61628498 ===> 2
hibernate 13.61628498 ===> 2
html5 13.61628498 ===> 2
apache 13.61628498 ===> 2
bash 13.61628498 ===> 2
struts 13.61628498 ===> 2
dreamweaver 13.61628498 ===> 2
visio 13.61628498 ===> 2
illustrator 13.61628498 ===> 2
eclipse 13.61628498 ===> 2
mongodb 13.61628498 ===> 2
backbone 13.61628498 ===> 2
svn 13.61628498 ===> 2
django 13.61628498 ===> 2
mfc 15.0055800918 ===> 1
lisp 19.2080321456 ===> 3
bootloader 19.2080321456 ===> 3
j2ee 19.2080321456 ===> 3
postgresql 19.2080321456 ===> 3
painter 19.2080321456 ===> 3
github 19.2080321456 ===> 3
as3 20.4244274699 ===> 2
data mining 20.4244274699 ===> 2
windows phone 20.4244274699 ===> 2
cocos2d 22.5083701377 ===> 1
photoshop 24.4479511534 ===> 4
xml 24.4479511534 ===> 4
delphi 24.4479511534 ===> 4
access 24.4479511534 ===> 4
ruby 24.4479511534 ===> 4
game development 25.6107095275 ===> 3
nginx 29.4517456411 ===> 5
memcached 29.4517456411 ===> 5
ajax 29.4517456411 ===> 5
css 29.4517456411 ===> 5
sql 29.4517456411 ===> 5
boost 30.5599389418 ===> 4
lucene 32.0133869094 ===> 3
jquery 34.2571812079 ===> 6
tomcat 34.2571812079 ===> 6
spring 35.3420947693 ===> 5
nosql 38.8771382412 ===> 7
redis 38.8771382412 ===> 7
oracle 43.3507248624 ===> 8
c# 44.4310151328 ===> 7
.net 48.7695654702 ===> 8
architecture 58.3447160252 ===> 9
socket 64.1137332254 ===> 13
php 66.2264793089 ===> 11
windows 66.2264793089 ===> 11
javascript 69.0455588581 ===> 13
c++ 72.7522140257 ===> 14
perl 79.2805479842 ===> 17
flash 87.3026568308 ===> 14
ios 92.2183582529 ===> 18
python 94.4266587908 ===> 20
hadoop 96.7925466822 ===> 11
mysql 113.54969158 ===> 23
shell 147.8341268 ===> 36
android 175.363794897 ===> 20
java 195.154772388 ===> 52
linux 215.066911664 ===> 43
